0 info it worked if it ends with ok
1 verbose cli [ 'C:\\Program Files\\nodejs\\node.exe',
1 verbose cli   'C:\\Program Files\\nodejs\\node_modules\\npm\\bin\\npm-cli.js',
1 verbose cli   'run',
1 verbose cli   'test' ]
2 info using npm@3.3.12
3 info using node@v5.5.0
4 verbose run-script [ 'pretest', 'test', 'posttest' ]
5 info lifecycle testSynth@0.0.1~pretest: testSynth@0.0.1
6 silly lifecycle testSynth@0.0.1~pretest: no script for pretest, continuing
7 info lifecycle testSynth@0.0.1~test: testSynth@0.0.1
8 verbose lifecycle testSynth@0.0.1~test: unsafe-perm in lifecycle true
9 verbose lifecycle testSynth@0.0.1~test: PATH: C:\Program Files\nodejs\node_modules\npm\bin\node-gyp-bin;C:\cygwin64\home\gerard\Code\web\colossal\node_modules\.bin;C:\ProgramData\Oracle\Java\javapath;C:\Program Files (x86)\Intel\IPP\5.1\ia32\bin;C:\Program Files (x86)\NVIDIA Corporation\PhysX\Common;C:\Program Files (x86)\Intel\iCLS Client\;C:\Program Files\Intel\iCLS Client\;C:\WINDOWS\system32;C:\WINDOWS;C:\WINDOWS\System32\Wbem;C:\WINDOWS\System32\WindowsPowerShell\v1.0\;C:\Program Files (x86)\Intel\Intel(R) Management Engine Components\DAL;C:\Program Files\Intel\Intel(R) Management Engine Components\DAL;C:\Program Files (x86)\Intel\Intel(R) Management Engine Components\IPT;C:\Program Files\Intel\Intel(R) Management Engine Components\IPT;C:\Program Files (x86)\Windows Kits\8.1\Windows Performance Toolkit\;C:\Program Files\Microsoft SQL Server\110\Tools\Binn\;C:\Program Files (x86)\Microsoft SDKs\TypeScript\1.0\;C:\Program Files\Microsoft SQL Server\120\Tools\Binn\;c:\Program Files (x86)\Microsoft SQL Server\100\Tools\Binn\;c:\Program Files\Microsoft SQL Server\100\Tools\Binn\;c:\Program Files\Microsoft SQL Server\100\DTS\Binn\;C:\Go\bin;C:\Users\gerard\.dnx\bin;C:\Program Files\Microsoft DNX\Dnvm\;C:\ProgramData\chocolatey\bin;C:\Program Files (x86)\Skype\Phone\;C:\Program Files\Microsoft\Web Platform Installer\;C:\Program Files\nodejs\;C:\Users\gerard\AppData\Local\Programs\Python\Python35-32\Scripts\;C:\Users\gerard\AppData\Local\Programs\Python\Python35-32\;C:\Program Files (x86)\CVSNT\;C:\tools\dart-sdk\bin;C:\Users\gerard\AppData\Roaming\Pub\Cache\bin;C:\Program Files\nodejs;C:\Go\bin;C:\cygwin64\home\gerard\Code\go\bin;C:\Users\gerard\AppData\Local\atom\bin;C:\Users\gerard\AppData\Roaming\npm;C:\cygwin64\bin
10 verbose lifecycle testSynth@0.0.1~test: CWD: C:\cygwin64\home\gerard\Code\web\colossal
11 silly lifecycle testSynth@0.0.1~test: Args: [ '/d /s /c', 'jest --no-watchman' ]
12 silly lifecycle testSynth@0.0.1~test: Returned: code: 1  signal: null
13 info lifecycle testSynth@0.0.1~test: Failed to exec test script
14 verbose stack Error: testSynth@0.0.1 test: `jest --no-watchman`
14 verbose stack Exit status 1
14 verbose stack     at EventEmitter.<anonymous> (C:\Program Files\nodejs\node_modules\npm\lib\utils\lifecycle.js:232:16)
14 verbose stack     at emitTwo (events.js:100:13)
14 verbose stack     at EventEmitter.emit (events.js:185:7)
14 verbose stack     at ChildProcess.<anonymous> (C:\Program Files\nodejs\node_modules\npm\lib\utils\spawn.js:24:14)
14 verbose stack     at emitTwo (events.js:100:13)
14 verbose stack     at ChildProcess.emit (events.js:185:7)
14 verbose stack     at maybeClose (internal/child_process.js:821:16)
14 verbose stack     at Process.ChildProcess._handle.onexit (internal/child_process.js:211:5)
15 verbose pkgid testSynth@0.0.1
16 verbose cwd C:\cygwin64\home\gerard\Code\web\colossal
17 error Windows_NT 10.0.10586
18 error argv "C:\\Program Files\\nodejs\\node.exe" "C:\\Program Files\\nodejs\\node_modules\\npm\\bin\\npm-cli.js" "run" "test"
19 error node v5.5.0
20 error npm  v3.3.12
21 error code ELIFECYCLE
22 error testSynth@0.0.1 test: `jest --no-watchman`
22 error Exit status 1
23 error Failed at the testSynth@0.0.1 test script 'jest --no-watchman'.
23 error Make sure you have the latest version of node.js and npm installed.
23 error If you do, this is most likely a problem with the testSynth package,
23 error not with npm itself.
23 error Tell the author that this fails on your system:
23 error     jest --no-watchman
23 error You can get their info via:
23 error     npm owner ls testSynth
23 error There is likely additional logging output above.
24 verbose exit [ 1, true ]
